[debug] [2022-04-17T21:38:30.673Z] ----------------------------------------------------------------------
[debug] [2022-04-17T21:38:30.677Z] Command:       /Users/restricted/.nvm/versions/node/v14.18.3/bin/node /Users/restricted/.nvm/versions/node/v14.18.3/bin/firebase init
[debug] [2022-04-17T21:38:30.677Z] CLI Version:   10.6.0
[debug] [2022-04-17T21:38:30.677Z] Platform:      darwin
[debug] [2022-04-17T21:38:30.677Z] Node Version:  v14.18.3
[debug] [2022-04-17T21:38:30.680Z] Time:          Mon Apr 18 2022 02:38:30 GMT+0500 (Pakistan Standard Time)
[debug] [2022-04-17T21:38:30.680Z] ----------------------------------------------------------------------
[debug] 
[debug] [2022-04-17T21:38:30.698Z] > command requires scopes: ["email","openid","https://www.googleapis.com/auth/cloudplatformprojects.readonly","https://www.googleapis.com/auth/firebase","https://www.googleapis.com/auth/cloud-platform"]
[debug] [2022-04-17T21:38:30.698Z] > authorizing via signed-in user (maazrehman7710@gmail.com)
[info] 
     ######## #### ########  ######## ########     ###     ######  ########
     ##        ##  ##     ## ##       ##     ##  ##   ##  ##       ##
     ######    ##  ########  ######   ########  #########  ######  ######
     ##        ##  ##    ##  ##       ##     ## ##     ##       ## ##
     ##       #### ##     ## ######## ########  ##     ##  ######  ########

You're about to initialize a Firebase project in this directory:

  /Users/restricted/Desktop/mosaic/mosaic-react

[info] 
=== Project Setup
[info] 
[info] First, let's associate this project directory with a Firebase project.
[info] You can create multiple project aliases by running firebase use --add, 
[info] but for now we'll just set up a default project.
[info] 
[debug] [2022-04-17T21:38:49.425Z] >>> [apiv2][query] GET https://firebase.googleapis.com/v1beta1/projects pageSize=100
[debug] [2022-04-17T21:38:50.167Z] <<< [apiv2][status] GET https://firebase.googleapis.com/v1beta1/projects 200
[debug] [2022-04-17T21:38:50.167Z] <<< [apiv2][body] GET https://firebase.googleapis.com/v1beta1/projects [omitted]
